[debug] [2019-01-18T19:51:36.084Z] ----------------------------------------------------------------------
[debug] [2019-01-18T19:51:36.087Z] Command:       C:\Program Files\nodejs\node.exe C:\Users\upesh\AppData\Roaming\npm\node_modules\firebase-tools\bin\firebase serve
[debug] [2019-01-18T19:51:36.088Z] CLI Version:   4.2.1
[debug] [2019-01-18T19:51:36.088Z] Platform:      win32
[debug] [2019-01-18T19:51:36.088Z] Node Version:  v8.11.4
[debug] [2019-01-18T19:51:36.088Z] Time:          Sat Jan 19 2019 01:21:36 GMT+0530 (India Standard Time)
[debug] [2019-01-18T19:51:36.088Z] ----------------------------------------------------------------------
[debug] 
[debug] [2019-01-18T19:51:36.102Z] > command requires scopes: ["email","openid","https://www.googleapis.com/auth/cloudplatformprojects.readonly","https://www.googleapis.com/auth/firebase","https://www.googleapis.com/auth/cloud-platform"]
[debug] [2019-01-18T19:51:36.103Z] > authorizing via signed-in user
[debug] [2019-01-18T19:51:36.106Z] > refreshing access token with scopes: ["email","https://www.googleapis.com/auth/cloud-platform","https://www.googleapis.com/auth/cloudplatformprojects.readonly","https://www.googleapis.com/auth/firebase","openid"]
[debug] [2019-01-18T19:51:36.106Z] >>> HTTP REQUEST POST https://www.googleapis.com/oauth2/v3/token  

[debug] [2019-01-18T19:51:36.449Z] <<< HTTP RESPONSE 200
[debug] [2019-01-18T19:51:36.461Z] >>> HTTP REQUEST GET https://admin.firebase.com/v1/projects/batteries-fb  
 
[debug] [2019-01-18T19:51:37.798Z] <<< HTTP RESPONSE 200
[debug] [2019-01-18T19:51:37.800Z] >>> HTTP REQUEST GET https://cloudresourcemanager.googleapis.com/v1/projects/batteries-fb  
 
[debug] [2019-01-18T19:51:39.385Z] <<< HTTP RESPONSE 200
[info] 
[info] === Serving from 'D:\firebase projects\Batteries-fb'...
[info] 
[info] i  functions: Preparing to emulate functions.
[debug] [2019-01-18T19:51:40.375Z] Fetching environment
[debug] [2019-01-18T19:51:40.378Z] >>> HTTP REQUEST GET https://mobilesdk-pa.googleapis.com/v1/projects/550772834910:getServerAppConfig  
 
[debug] [2019-01-18T19:51:41.140Z] <<< HTTP RESPONSE 200
[debug] [2019-01-18T19:51:41.140Z] Starting @google-cloud/functions-emulator
[debug] [2019-01-18T19:51:43.671Z] Parsing function triggers
[info] +  functions: batterPortal: http://localhost:5000/batteries-fb/us-central1/batterPortal
